1570118902983	mozrunner::runner	INFO	Running command: "C:\\Program Files\\Mozilla Firefox\\firefox.exe" "-marionette" "-foreground" "-no-remote" "-profile" "C:\\Users\\Ezio\\AppData\\Local\\Temp\\rust_mozprofileup0fgJ"
1570118904791	addons.webextension.screenshots@mozilla.org	WARN	Loading extension 'screenshots@mozilla.org': Reading manifest: Invalid extension permission: mozillaAddons
1570118904792	addons.webextension.screenshots@mozilla.org	WARN	Loading extension 'screenshots@mozilla.org': Reading manifest: Invalid extension permission: telemetry
1570118904792	addons.webextension.screenshots@mozilla.org	WARN	Loading extension 'screenshots@mozilla.org': Reading manifest: Invalid extension permission: resource://pdf.js/
1570118904792	addons.webextension.screenshots@mozilla.org	WARN	Loading extension 'screenshots@mozilla.org': Reading manifest: Invalid extension permission: about:reader*
JavaScript error: resource://gre/modules/XULStore.jsm, line 66: Error: Can't find profile directory.
[Parent 17416, Gecko_IOThread] WARNING: pipe error: 109: file z:/task_1568728986/build/src/ipc/chromium/src/chrome/common/ipc_channel_win.cc, line 341
[Child 7544, Chrome_ChildThread] WARNING: pipe error: 109: file z:/task_1568728986/build/src/ipc/chromium/src/chrome/common/ipc_channel_win.cc, line 341
[Child 7544, Chrome_ChildThread] WARNING: pi1570118917342	Marionette	INFO	Listening on port 2160
1570118917945	Marionette	WARN	TLS certificate errors will be ignored for this session
JavaScript error: http://localhost:8080/LMS/vendor/morris/morris.js, line 78: Error: Graph container element not found
JavaScript error: http://localhost:8080/LMS/vendor/bootstrap-select/bootstrap-select.js, line 868: TypeError: $(...).data(...).on is not a function
JavaScript error: http://localhost:8080/LMS/js/off-canvas.js, line 15: TypeError: $(...).on is not a function
JavaScript error: http://localhost:8080/LMS/vendor/bootstrap-datepicker/bootstrap-datepicker.js, line 1655: TypeError: $(...).on is not a function
JavaScript error: http://localhost:8080/LMS/js/main.js, line 82: TypeError: $(...).on is not a function
JavaScript error: chrome://browser/content/browser.xhtml, line 1: TypeError: gContextMenu is null
IPDL protocol error: Handler returned error code!

###!!! [Parent][DispatchAsyncMessage] Error: PLayerTransaction::Msg_ReleaseLayer Processing error: message was deserialized, but the handler returned false (indicating failure)

IPDL protocol error: Handler returned error code!

###!!! [Parent][DispatchAsyncMessage] Error: PLayerTransaction::Msg_ReleaseLayer Processing error: message was deserialized, but the handler returned false (indicating failure)

IPDL protocol error: Handler returned error code!

###!!! [Parent][DispatchAsyncMessage] Error: PLayerTransaction::Msg_ReleaseLayer Processing error: message was deserialized, but the handler returned false (indicating failure)

IPDL protocol error: Handler returned error code!

###!!! [Parent][DispatchAsyncMessage] Error: PLayerTransaction::Msg_ReleaseLayer Processing error: message was deserialized, but the handler returned false (indicating failure)

[Parent 17416, Gecko_IOThread] WARNING: pipe error: 109: file z:/task_1568728986/build/src/ipc/chromium/src/chrome/common/ipc_channel_win.cc, line 341
[Child 11344, Chrome_ChildThread] WARNING: pipe error: 109: filJavaScript error: http://localhost:8080/LMS/vendor/morris/morris.js, line 78: Error: Graph container element not found
[Parent 10372, Gecko_IOThread] WARNING: pipe error: 109: file z:/task_1568728986/build/src/ipc/chromium/src/chrome/common/ipc_channel_win.cc, line 341
[Child 11712, Chrome_ChildThread] WARNING: pipe error: 109: file z:/task_1568728986/build/src/ipc/chromium/src/chrome/common/ipc_channel_win.cc, line 341
[Child 11712, Ch[Parent 10372, Gecko_IOThread] WARNING: file z:/task_1568728986/build/src/ipc/chromium/src/base/process_util_win.cc, line 160
[Parent 10372, Gecko_IOThread] WARNING: pipe error: 109: file z:/task_1568728986/build/src/ipc/chromium/src/chrome/common/ipc_channel_win.cc, line 341
1570120705489	Marionette	INFO	Stopped listening on port 2251

###!!! [Child][MessageChannel::SendAndWait] Error: Channel error: cannot send/recv

8, Chrome_ChildThread] WARNING: pipe error: 109: file z:/task_1568728986/build/src1570118997678	Marionette	INFO	Stopped listening on port 2160

###!!! [Child][RunMessage] Error: Channel closing: too late to send/recv, messages will be lost

[GPU 7924, Chrome
###!!! [Child][MessageChannel::SendAndWait] Error: Channel error: cannot send/recv

1570119020040	mozrunner::runner	INFO	Running command: "C:\\Program Files\\Mozilla Firefox\\firefox.exe" "-marionette" "-foreground" "-no-remote" "-profile" "C:\\Users\\Ezio\\AppData\\Local\\Temp\\rust_mozprofilepG8C0K"
1570119020882	addons.webextension.screenshots@mozilla.org	WARN	Loading extension 'screenshots@mozilla.org': Reading manifest: Invalid extension permission: mozillaAddons
1570119020882	addons.webextension.screenshots@mozilla.org	WARN	Loading extension 'screenshots@mozilla.org': Reading manifest: Invalid extension permission: telemetry
1570119020882	addons.webextension.screenshots@mozilla.org	WARN	Loading extension 'screenshots@mozilla.org': Reading manifest: Invalid extension permission: resource://pdf.js/
1570119020882	addons.webextension.screenshots@mozilla.org	WARN	Loading extension 'screenshots@mozilla.org': Reading manifest: Invalid extension permission: about:reader*
JavaScript error: resource://gre/modules/XULStore.jsm, line 66: Error: Can't find profile directory.
1570119024182	Marionette	INFO	Listening on port 2311
1570119024254	Marionette	WARN	TLS certificate errors will be ignored for this session
JavaScript error: http://localhost:8080/LMS/vendor/morris/morris.js, line 78: Error: Graph container element not found
JavaScript error: http://localhost:8080/LMS/vendor/bootstrap-select/bootstrap-select.js, line 868: TypeError: $(...).data(...).on is not a function
JavaScript error: http://localhost:8080/LMS/js/off-canvas.js, line 15: TypeError: $(...).on is not a function
JavaScript error: http://localhost:8080/LMS/vendor/bootstrap-datepicker/bootstrap-datepicker.js, line 1655: TypeError: $(...).on is not a function
JavaScript error: http://localhost:8080/LMS/js/main.js, line 82: TypeError: $(...).on is not a function
[Parent 17740, Gecko_IOThread] WARNING: pipe error: 109: file z:/task_1568728986/build/src/ipc/chromium/src/chrome/common/ipc_channel_win.cc, line 341
[Child 16532, Chrome_ChildThread] WARNING: pipe error: 109: file z:/task_1568728986/build/src/ipc/chromium/src/chrome/common/ipc_channel_win.cc, line 341
[Parent 17740, Gecko_IOThread] WARNING: pipe error: 109: file z:/task_1568728986/build/src/ipc/chromium/src/chrome/common/ipc_channel_win.cc, line 341
[Child 6124, Chrome_ChildThread] WARNING: pipe error: 109: file z:/task_1568728986/build/src/ipc/chromium/src/chrome/common/ipc_channel_win.cc, line 341
[Child 6124, Ch[Parent 17740, Gecko_IOThread] WARNING: file z:/task_1568728986/build/src/ipc/chromium/src/base/process_util_win.cc, line 160
[Parent 17740, Gecko_IOThread] WARNING: pipe error: 109: file z:/task_1568728986/build/src/ipc/chromium/src/chrome/common/ipc_channel_win.cc, line 341
[Child 7012, Chrome_ChildThread] WARNING: pipe error: 109: file z:/task_1568728986/build/src/ipc/chromium/src/chrome/common/ipc_channel_win.cc, line 341
[Child 7012, Chrome_ChildThread]console.error: (new Error("SessionFile is closed", "resource:///modules/sessionstore/SessionFile.jsm", 433))
1570120672371	Marionette	INFO	Stopped listening on port 2311
[GP
###!!! [Child][MessageChannel::SendAndWait] Error: Channel error: cannot send/recv

le.jsm", 375)) "_initWorker/<@resource:///modules/sessionstore/SessionFile.jsm:375:15\n_initWorker@resource:///modules/sessionstore/SessionFile.jsm:368:12\n_postToWorker@resource:///modules/sessionstore/SessionFile.jsm:410:16\nwrite@resource:///modules/sessionstore/SessionFile.jsm:448:24\nwrite@resource:///modules/sessionstore/SessionFile.jsm:75:32\n_writeState@resource:///modules/sessionstore/SessionSaver.jsm:360:24\n_saveState@resource:///modules/sessionstore/SessionSaver.jsm:294:17\n_saveStateAsync@resource:///modules/sessionstore/SessionSaver.jsm:344:10\nsaveStateAsyncWhenIdle@resource:///modules/sessionstore/SessionSaver.jsm:191:14\ncallback@resource://gre/modules/Timer.jsm:125:7\n"
1570119167346	Marionette	INFO	Listening on port 2430
1570119167456	Marionette	WARN	TLS certificate errors will be ignored for this session
JavaScript error: http://localhost:8080/LMS/vendor/morris/morris.js, line 78: Error: Graph container element not found
JavaScript error: http://localhost:8080/LMS/vendor/bootstrap-select/bootstrap-select.js, line 868: TypeError: $(...).data(...).on is not a function
JavaScript error: http://localhost:8080/LMS/js/off-canvas.js, line 15: TypeError: $(...).on is not a function
JavaScript error: http://localhost:8080/LMS/vendor/bootstrap-datepicker/bootstrap-datepicker.js, line 1655: TypeError: $(...).on is not a function
JavaScript error: http://localhost:8080/LMS/js/main.js, line 82: TypeError: $(...).on is not a function
JavaScript error: http://localhost:8080/LMS/vendor/bootstrap-select/bootstrap-select.js, line 868: TypeError: $(...).data(...).on is not a function
JavaScript error: http://localhost:8080/LMS/js/off-canvas.js, line 15: TypeError: $(...).on is not a function
JavaScript error: http://localhost:8080/LMS/vendor/bootstrap-datepicker/bootstrap-datepicker.js, line 1655: TypeError: $(...).on is not a function
JavaScript error: http://localhost:8080/LMS/js/main.js, line 82: TypeError: $(...).on is not a function
[Parent 15480, Gecko_IOThread] WARNING: pipe error: 109: file z:/task_1568728986/build/src/ipc/chromium/src/chrome/common/ipc_channel_win.cc, line 341
[Child 16452, Chrome_ChildThread] WARNING: pipe error: 109: file z:/task_1568728986/build/src/ipc/chromium/src/chrome/common/ipc_channel_win.cc, line 341
[Parent 15480, Gecko_IOThread] WARNING: pipe error: 109: file z:/task_1568728986/build/src/ipc/chromium/src/chrome/common/ipc_channel_win.cc, line 341
[Child 11572, Chrome_ChildThread] WARNING: pipe error: 109: file z:/task_1568728986/build/src/ipc/chromium/src/chrome/common/ipc_channel_win.cc, line 341
[Child 11572, Chr[Parent 15480, Gecko_IOThread] WARNING: pipe error: 109: file z:/task_1568728986/build/src/ipc/chromium/src/chrome/common/ipc_channel_win.cc, line 341
[Child 17592, Chrome_ChildThread] WARNING: pipe error: 109: file z:/task_1568728986/build/src/ipc/chromium/src/chrome/common/ipc_channel_win.cc, line 341
[Child 1570120673820	Marionette	INFO	Stopped listening on port 2430
[GPU 
###!!! [Child][MessageChannel::SendAndWait] Error: Channel error: cannot send/recv

JavaScript error: resource:///modules/sessionstore/SessionStore.jsm, line 5128: NS_ERROR_UNEXPECTED: Component returned failure code: 0x8000ffff (NS_ERROR_UNEXPECTED) [nsIWindowMediator.getEnumerator]
8080/LMS/vendor/bootstrap-select/bootstrap-select.js, line 868: TypeError: $(...).data(...).on is not a function
JavaScript error: http://localhost:8080/LMS/js/off-canvas.js, line 15: TypeError: $(...).on is not a function
JavaScript error: http://localhost:8080/LMS/vendor/bootstrap-datepicker/bootstrap-datepicker.js, line 1655: TypeError: $(...).on is not a function
JavaScript error: http://localhost:8080/LMS/js/main.js, line 82: TypeError: $(...).on is not a function
JavaScript error: http://localhost:8080/LMS/vendor/bootstrap-select/bootstrap-select.js, line 868: TypeError: $(...).data(...).on is not a function
JavaScript error: http://localhost:8080/LMS/js/off-canvas.js, line 15: TypeError: $(...).on is not a function
JavaScript error: http://localhost:8080/LMS/vendor/bootstrap-datepicker/bootstrap-datepicker.js, line 1655: TypeError: $(...).on is not a function
JavaScript error: http://localhost:8080/LMS/js/main.js, line 82: TypeError: $(...).on is not a function
1570119211846	Marionette	INFO	Stopped listening on port 2495
JavaScript error: resource://activity-stream/lib/ActivityStreamPrefs.jsm, line 27: NS_ERROR_ILLEGAL_VALUE: Component returned failure code: 0x80070057 (NS_ERROR_ILLEGAL_VALUE) [nsIPrefBranch.removeObserver]
[Child 3696, Chrome_ChildThread] WARNING: pipe error: 109: file z:/task_1568728986/build/src/ipc/chromium/src/chrome/common/ipc_channel_win.cc, line 341
[Child 3696, Chrome_ChildThread] WARNING: pipe error: 109: file z:/task_156[Parent 15708, Gecko_IOThread] WARNING: pipe error: 109: file z:/task_1568728986/build/src/ipc/chromium/src/chrome/common/ipc_channel_win.cc, line 341
JavaScript error: resource://gre/modules/UrlClassifierListManager.jsm, line 680: TypeError: this.tablesData[table] is undefined
[Parent 15708, Gecko_IOThread] WARNING: pipe error: 109: file z:/task_1568728986/build/src/ipc/chromium/src/chrome/common/ipc_channel_win.cc, line 341

###!!! [Child][RunMessage] Error: Channel closing: too late to send/recv, messages will be lost

[GPU 16576,
###!!! [Child][MessageChannel::SendAndWait] Error: Channel error: cannot send/recv

1570119739223	mozrunner::runner	INFO	Running command: "C:\\Program Files\\Mozilla Firefox\\firefox.exe" "-marionette" "-foreground" "-no-remote" "-profile" "C:\\Users\\Ezio\\AppData\\Local\\Temp\\rust_mozprofileZkxoSI"
1570119741554	addons.webextension.screenshots@mozilla.org	WARN	Loading extension 'screenshots@mozilla.org': Reading manifest: Invalid extension permission: mozillaAddons
1570119741554	addons.webextension.screenshots@mozilla.org	WARN	Loading extension 'screenshots@mozilla.org': Reading manifest: Invalid extension permission: telemetry
1570119741554	addons.webextension.screenshots@mozilla.org	WARN	Loading extension 'screenshots@mozilla.org': Reading manifest: Invalid extension permission: resource://pdf.js/
1570119741554	addons.webextension.screenshots@mozilla.org	WARN	Loading extension 'screenshots@mozilla.org': Reading manifest: Invalid extension permission: about:reader*
JavaScript error: resource://gre/modules/XULStore.jsm, line 66: Error: Can't find profile directory.
1570119749951	Marionette	INFO	Listening on port 2837
1570119750418	Marionette	WARN	TLS certificate errors will be ignored for this session
JavaScript error: http://localhost:8080/LMS/vendor/morris/morris.js, line 78: Error: Graph container element not found
JavaScript error: http://localhost:8080/LMS/vendor/bootstrap-select/bootstrap-select.js, line 868: TypeError: $(...).data(...).on is not a function
JavaScript error: http://localhost:8080/LMS/js/off-canvas.js, line 15: TypeError: $(...).on is not a function
JavaScript error: http://localhost:8080/LMS/vendor/bootstrap-datepicker/bootstrap-datepicker.js, line 1655: TypeError: $(...).on is not a function
JavaScript error: http://localhost:8080/LMS/js/main.js, line 82: TypeError: $(...).on is not a function
JavaScript error: http://localhost:8080/LMS/vendor/bootstrap-select/bootstrap-select.js, line 868: TypeError: $(...).data(...).on is not a function
JavaScript error: http://localhost:8080/LMS/js/off-canvas.js, line 15: TypeError: $(...).on is not a function
JavaScript error: http://localhost:8080/LMS/vendor/bootstrap-datepicker/bootstrap-datepicker.js, line 1655: TypeError: $(...).on is not a function
JavaScript error: http://localhost:8080/LMS/js/main.js, line 82: TypeError: $(...).on is not a function
1570119753490	Marionette	INFO	Stopped listening on port 2837
[Parent 18156, Gecko_IOThread] WARNING: pipe error: 109: file z:/task_1568728986/build/src/ipc/chromium/src/chrome/common/ipc_channel_win.cc, line 341
[Child 18880, Chrome_ChildThread] WARNING: pipe error: 109: file z:/task_1568728986/build/src/ipc/chromium/src/chrome/common/ipc_channel_win.cc, line 341
[Child 18880, C[Parent 18156, Gecko_IOThread] WARNING: pipe error: 109: file z:/task_1568728986/build/src/ipc/chromium/src/chrome/common/ipc_channel_win.cc, line 341
[Child 18300, Chrome_ChildThread] WARNING: pipe error: 109: file z:/task_1568728986/build/src/ipc/chromium/src/chrome/common/ipc_channel_win.cc, line 341
[Child 18300, ChroJavaScript error: resource://gre/modules/UrlClassifierListManager.jsm, line 680: TypeError: this.tablesData[table] is undefined
[Parent 18156, Gecko_IOThread] WARNING: pipe error: 109: file z:/task_1568728986/build/src/ipc/chromium/src/chrome/common/ipc_channel_win.cc, line 341
[Child 16176, Chrome_ChildThread] WARNING: pipe error: 109: file z:/task_1568728986/build/src/ipc/chromium/src/chrome/common/ipc_channel_win.cc, line 341
[Child 16176, Chrome_ChildIPDL protocol error: Handler returned error code!

###!!! [Parent][DispatchAsyncMessage] Error: PLayerTransaction::Msg_ReleaseLayer Processing error: message was deserialized, but the handler returned false (indicating failure)

IPDL protocol error: Handler returned error code!

###!!! [Parent][DispatchAsyncMessage] Error: PLayerTransaction::Msg_ReleaseLayer Processing error: message was deserialized, but the handler returned false (indicating failure)

[Parent 18156, Gecko_IOThread] WARNING: pipe error: 109: file z:/task_1568728986/build/src/ipc/chromium/src/chrome/common/ipc_channel_win.cc, line 341
[Child 17496, Chrome_ChildThread] WARNING: pipe error: 109: file z:/task_1568728986/build/src/ipc/chromium/src/chrome/common/ipc_channel_win.cc, line 341
[Child 1749[GPU 1
###!!! [Child][MessageChannel::SendAndWait] Error: Channel error: cannot send/recv

1570119776501	mozrunner::runner	INFO	Running command: "C:\\Program Files\\Mozilla Firefox\\firefox.exe" "-marionette" "-foreground" "-no-remote" "-profile" "C:\\Users\\Ezio\\AppData\\Local\\Temp\\rust_mozprofileLqFb0o"
1570119779060	addons.webextension.screenshots@mozilla.org	WARN	Loading extension 'screenshots@mozilla.org': Reading manifest: Invalid extension permission: mozillaAddons
1570119779061	addons.webextension.screenshots@mozilla.org	WARN	Loading extension 'screenshots@mozilla.org': Reading manifest: Invalid extension permission: telemetry
1570119779061	addons.webextension.screenshots@mozilla.org	WARN	Loading extension 'screenshots@mozilla.org': Reading manifest: Invalid extension permission: resource://pdf.js/
1570119779061	addons.webextension.screenshots@mozilla.org	WARN	Loading extension 'screenshots@mozilla.org': Reading manifest: Invalid extension permission: about:reader*
JavaScript error: resource://gre/modules/XULStore.jsm, line 66: Error: Can't find profile directory.
[Child 16736, Chrome_ChildThread] WARNING: pipe error: 109: file z:/task_1568728986/build/src/ipc/chromium/src/chrome/common/ipc_channel_win.cc, line 341
[Child 167361570119787735	Marionette	INFO	Listening on port 2905
1570119788076	Marionette	WARN	TLS certificate errors will be ignored for this session
JavaScript error: http://localhost:8080/LMS/vendor/morris/morris.js, line 78: Error: Graph container element not found
JavaScript error: http://localhost:8080/LMS/vendor/bootstrap-select/bootstrap-select.js, line 868: TypeError: $(...).data(...).on is not a function
JavaScript error: http://localhost:8080/LMS/js/off-canvas.js, line 15: TypeError: $(...).on is not a function
JavaScript error: http://localhost:8080/LMS/vendor/bootstrap-datepicker/bootstrap-datepicker.js, line 1655: TypeError: $(...).on is not a function
JavaScript error: http://localhost:8080/LMS/js/main.js, line 82: TypeError: $(...).on is not a function
JavaScript error: http://localhost:8080/LMS/vendor/bootstrap-select/bootstrap-select.js, line 868: TypeError: $(...).data(...).on is not a function
JavaScript error: http://localhost:8080/LMS/js/off-canvas.js, line 15: TypeError: $(...).on is not a function
JavaScript error: http://localhost:8080/LMS/vendor/bootstrap-datepicker/bootstrap-datepicker.js, line 1655: TypeError: $(...).on is not a function
JavaScript error: http://localhost:8080/LMS/js/main.js, line 82: TypeError: $(...).on is not a function
[Parent 7984, Gecko_IOThread] WARNING: pipe error: 109: file z:/task_1568728986/build/src/ipc/chromium/src/chrome/common/ipc_channel_win.cc, line 341
[Child 19184, Chrome_ChildThread] WARNING: pipe error: 109: file z:/task_1568728986/build/src/ipc/chromium/src/chrome/common/ipc_channel_win.cc, line 341
[Child 19184, Chrome_ChildThrea[Parent 7984, Gecko_IOThread] WARNING: pipe error: 109: file z:/task_1568728986/build/src/ipc/chromium/src/chrome/common/ipc_channel_win.cc, line 341
[Child 8760, Chrome_ChildThread] WARNING: pipe error: 109: file z:/task_1568728986/build/src/ipc/chromium/src/chrome/common/ipc_channel_win.cc, line 341
[Child 8760, Chrome_Chil1570120096568	Marionette	INFO	Stopped listening on port 2905

###!!! [Child][RunMessage] Error: Channel closing: too late to send/recv, messages will be lost

[GPU 18512, 1570120456440	mozrunner::runner	INFO	Running command: "C:\\Program Files\\Mozilla Firefox\\firefox.exe" "-marionette" "-foreground" "-no-remote" "-profile" "C:\\Users\\Ezio\\AppData\\Local\\Temp\\rust_mozprofileDD6rqK"
1570120457588	addons.webextension.screenshots@mozilla.org	WARN	Loading extension 'screenshots@mozilla.org': Reading manifest: Invalid extension permission: mozillaAddons
1570120457588	addons.webextension.screenshots@mozilla.org	WARN	Loading extension 'screenshots@mozilla.org': Reading manifest: Invalid extension permission: telemetry
1570120457588	addons.webextension.screenshots@mozilla.org	WARN	Loading extension 'screenshots@mozilla.org': Reading manifest: Invalid extension permission: resource://pdf.js/
1570120457588	addons.webextension.screenshots@mozilla.org	WARN	Loading extension 'screenshots@mozilla.org': Reading manifest: Invalid extension permission: about:reader*
JavaScript error: resource://gre/modules/XULStore.jsm, line 66: Error: Can't find profile directory.
1570120462804	Marionette	INFO	Listening on port 3341
1570120462844	Marionette	WARN	TLS certificate errors will be ignored for this session
JavaScript error: http://localhost:8080/LMS/vendor/morris/morris.js, line 78: Error: Graph container element not found
JavaScript error: http://localhost:8080/LMS/vendor/bootstrap-select/bootstrap-select.js, line 868: TypeError: $(...).data(...).on is not a function
JavaScript error: http://localhost:8080/LMS/js/off-canvas.js, line 15: TypeError: $(...).on is not a function
JavaScript error: http://localhost:8080/LMS/vendor/bootstrap-datepicker/bootstrap-datepicker.js, line 1655: TypeError: $(...).on is not a function
JavaScript error: http://localhost:8080/LMS/js/main.js, line 82: TypeError: $(...).on is not a function
JavaScript error: http://localhost:8080/LMS/vendor/bootstrap-select/bootstrap-select.js, line 868: TypeError: $(...).data(...).on is not a function
JavaScript error: http://localhost:8080/LMS/js/off-canvas.js, line 15: TypeError: $(...).on is not a function
JavaScript error: http://localhost:8080/LMS/vendor/bootstrap-datepicker/bootstrap-datepicker.js, line 1655: TypeError: $(...).on is not a function
JavaScript error: http://localhost:8080/LMS/js/main.js, line 82: TypeError: $(...).on is not a function
[Parent 14172, Gecko_IOThread] WARNING: pipe error: 109: file z:/task_1568728986/build/src/ipc/chromium/src/chrome/common/ipc_channel_win.cc, line 341
[Parent 14172, Gecko_IOThread] WARNING: pipe error: 109: file z:/task_1568728986/build/src/ipc/chromium/src/chrome/common/ipc_channel_win.cc, line 341
[Child 14988, Chrome_ChildThread] WARNING: pipe error: 109: file z:/task_1568728986/build/src/ipc/chromium/src/chrome/common/ipc_channel_win.cc, line 341
[Child [Child 19216, Chrome_ChildThread] WARNING: pipe error: 109: file z:/task_1568728986/build/src/ipc/chromium/src/chrome/common/ipc_[Chilchannel_win.ccd, l 14ine7 3324, Chrome_ChildThread] WARNING1
: pipe error[Chil: 109: file z:/task_1568728986/build/src/ipc/chromium/src/chrome/common/ipc_channel_win.cc, line 341
[Child 147[Parent 14172, Gecko_IOThread] WARNING: pipe error: 109: file z:/task_1568728986/build/src/ipc/chromium/src/chrome/common/ipc_channel_win.cc, line 341
[Child 10004, Chrome_ChildThread] WARNING: pipe error: 109: file z:/task_1568728986/build/src/ipc/chromium/src/chrome/common/ipc_channel_win.cc, line 341
[Child 11570120671389	Marionette	INFO	Stopped listening on port 3341
[GPU 1
###!!! [Child][RunMessage] Error: Channel closing: too late to send/recv, messages will be lost


###!!! [Child][MessageChannel::SendAndWait] Error: Channel error: cannot send/recv

8: TypeError: $(...).data(...).on is not a function
JavaScript error: http://localhost:8080/LMS/js/off-canvas.js, line 15: TypeError: $(...).on is not a function
JavaScript error: http://localhost:8080/LMS/vendor/bootstrap-datepicker/bootstrap-datepicker.js, line 1655: TypeError: $(...).on is not a function
JavaScript error: http://localhost:8080/LMS/js/main.js, line 82: TypeError: $(...).on is not a function
JavaScript error: http://localhost:8080/LMS/vendor/bootstrap-select/bootstrap-select.js, line 868: TypeError: $(...).data(...).on is not a function
JavaScript error: http://localhost:8080/LMS/js/off-canvas.js, line 15: TypeError: $(...).on is not a function
JavaScript error: http://localhost:8080/LMS/vendor/bootstrap-datepicker/bootstrap-datepicker.js, line 1655: TypeError: $(...).on is not a function
JavaScript error: http://localhost:8080/LMS/js/main.js, line 82: TypeError: $(...).on is not a function
JavaScript error: http://localhost:8080/LMS/vendor/morris/morris.js, line 78: Error: Graph container element not found
[Parent 15412, Gecko_IOThread] WARNING: pipe error: 109: file z:/task_1568728986/build/src/ipc/chromium/src/chrome/common/ipc_channel_win.cc, line 341
[Child 15728, Chrome_ChildThread] WARNING: pipe error: 109: file z:/task_1568728986/build/src/ipc/chromium/src/chrome/common/ipc_channel_win.cc, line 341
[Child 15728, Chrome_ChildThread] WARNING: pipe error: 109: file z:/task_1568728986/build/src/ipc/chromium/src/chrome/common/ipc_channel_win.cc, line 341
JavaScript error: http://localhost:8080/LMS/vendor/morris/morris.js, line 78: Error: Graph container element not found
JavaScript error: http://localhost:8080/LMS/vendor/morris/morris.js, line 78: Error: Graph container element not found
JavaScript error: resource://gre/modules/WebNavigationFrames.jsm, line 45: TypeError: window is null
JavaScript error: resource://gre/modules/TooltipTextProvider.jsm, line 15: TypeError: can't access dead object
JavaScript error: http://localhost:8080/LMS/vendor/morris/morris.js, line 78: Error: Graph container element not found
JavaScript error: http://localhost:8080/LMS/vendor/bootstrap-select/bootstrap-select.js, line 868: TypeError: $(...).data(...).on is not a function
JavaScript error: http://localhost:8080/LMS/js/off-canvas.js, line 15: TypeError: $(...).on is not a function
JavaScript error: http://localhost:8080/LMS/vendor/bootstrap-datepicker/bootstrap-datepicker.js, line 1655: TypeError: $(...).on is not a function
JavaScript error: http://localhost:8080/LMS/js/main.js, line 82: TypeError: $(...).on is not a function
JavaScript error: http://localhost:8080/LMS/vendor/bootstrap-select/bootstrap-select.js, line 868: TypeError: $(...).data(...).on is not a function
JavaScript error: http://localhost:8080/LMS/js/off-canvas.js, line 15: TypeError: $(...).on is not a function
JavaScript error: http://localhost:8080/LMS/vendor/bootstrap-datepicker/bootstrap-datepicker.js, line 1655: TypeError: $(...).on is not a function
JavaScript error: http://localhost:8080/LMS/js/main.js, line 82: TypeError: $(...).on is not a function
JavaScript error: http://localhost:8080/LMS/vendor/bootstrap-select/bootstrap-select.js, line 13: TypeError: $ is undefined
JavaScript error: http://localhost:8080/LMS/vendor/datatables/jquery.dataTables.js, line 39: ReferenceError: jQuery is not defined
JavaScript error: http://localhost:8080/LMS/vendor/slider/bootstrap-slider.js, line 358: TypeError: $ is undefined
JavaScript error: http://localhost:8080/LMS/js/off-canvas.js, line 4: TypeError: $ is not a function
JavaScript error: http://localhost:8080/LMS/vendor/bootstrap-datepicker/bootstrap-datepicker.js, line 25: TypeError: $ is not a function
JavaScript error: http://localhost:8080/LMS/js/main.js, line 48: TypeError: $ is not a function
JavaScript error: http://localhost:8080/LMS/js/datatables.js, line 1: ReferenceError: $ is not defined
JavaScript error: http://localhost:8080/LMS/js/forms.js, line 1: ReferenceError: $ is not defined
JavaScript error: http://localhost:8080/LMS/vendor/morris/morris.js, line 78: Error: Graph container element not found
JavaScript error: http://localhost:8080/LMS/vendor/morris/morris.js, line 78: Error: Graph container element not found
JavaScript error: http://localhost:8080/LMS/vendor/morris/morris.js, line 78: Error: Graph container element not found
JavaScript error: http://localhost:8080/LMS/vendor/bootstrap-select/bootstrap-select.js, line 868: TypeError: $(...).data(...).on is not a function
JavaScript error: http://localhost:8080/LMS/js/off-canvas.js, line 15: TypeError: $(...).on is not a function
JavaScript error: http://localhost:8080/LMS/vendor/bootstrap-datepicker/bootstrap-datepicker.js, line 1655: TypeError: $(...).on is not a function
JavaScript error: http://localhost:8080/LMS/js/main.js, line 82: TypeError: $(...).on is not a function
JavaScript error: http://localhost:8080/LMS/vendor/bootstrap-select/bootstrap-select.js, line 868: TypeError: $(...).data(...).on is not a function
JavaScript error: http://localhost:8080/LMS/js/off-canvas.js, line 15: TypeError: $(...).on is not a function
JavaScript error: http://localhost:8080/LMS/vendor/bootstrap-datepicker/bootstrap-datepicker.js, line 1655: TypeError: $(...).on is not a function
JavaScript error: http://localhost:8080/LMS/js/main.js, line 82: TypeError: $(...).on is not a function
JavaScript error: http://localhost:8080/LMS/vendor/bootstrap-select/bootstrap-select.js, line 868: TypeError: $(...).data(...).on is not a function
JavaScript error: http://localhost:8080/LMS/js/off-canvas.js, line 15: TypeError: $(...).on is not a function
JavaScript error: http://localhost:8080/LMS/vendor/bootstrap-datepicker/bootstrap-datepicker.js, line 1655: TypeError: $(...).on is not a function
JavaScript error: http://localhost:8080/LMS/js/main.js, line 82: TypeError: $(...).on is not a function
JavaScript error: http://localhost:8080/LMS/vendor/bootstrap-select/bootstrap-select.js, line 868: TypeError: $(...).data(...).on is not a function
JavaScript error: http://localhost:8080/LMS/js/off-canvas.js, line 15: TypeError: $(...).on is not a function
JavaScript error: http://localhost:8080/LMS/vendor/bootstrap-datepicker/bootstrap-datepicker.js, line 1655: TypeError: $(...).on is not a function
JavaScript error: http://localhost:8080/LMS/js/main.js, line 82: TypeError: $(...).on is not a function
JavaScript error: http://localhost:8080/LMS/vendor/morris/morris.js, line 78: Error: Graph container element not found
JavaScript error: http://localhost:8080/LMS/vendor/bootstrap-select/bootstrap-select.js, line 868: TypeError: $(...).data(...).on is not a function
JavaScript error: http://localhost:8080/LMS/js/off-canvas.js, line 15: TypeError: $(...).on is not a function
JavaScript error: http://localhost:8080/LMS/vendor/bootstrap-datepicker/bootstrap-datepicker.js, line 1655: TypeError: $(...).on is not a function
JavaScript error: http://localhost:8080/LMS/js/main.js, line 82: TypeError: $(...).on is not a function
[Child 17012, Chrome_ChildThread] WARNING: pipe error: 109: file z:/task_1568728986/build/src/ipc/chromium/src/chrome/common/ipc_channel_win.cc, line 341
[Chil[Child 15844, Chrome_ChildThread] WARNING: pipe error: 109: file z:/task_1568728986/build/src/ipc/chromium/src/chrome/common/ipc_channel_win.cc, line 341
[Parent 15412, Gecko_IOThread] WARNING: pipe error: 109: file z:/task_1568728986/build/src/ipc/chromium/src/chrome/common/ipc_channel_win.cc, line 341
[Child 14848, Chrome_ChildThread] WARNING: pipe error: 109: file z:/task_1568728986/build/src/ipc/chromium/src/chrome/common/ipc_channel_win.cc, line 341
[Child 14848, Chrome_ChildThread]1570121606729	Marionette	INFO	Stopped listening on port 3408
on is not a function
JavaScript error: http://localhost:8080/LMS/vendor/bootstrap-select/bootstrap-select.js, line 868: TypeError: $(...).data(...).on is not a function
JavaScript error: http://localhost:8080/LMS/js/off-canvas.js, line 15: TypeError: $(...).on is not a function
JavaScript error: http://localhost:8080/LMS/vendor/bootstrap-datepicker/bootstrap-datepicker.js, line 1655: TypeError: $(...).on is not a function
JavaScript error: http://localhost:8080/LMS/js/main.js, line 82: TypeError: $(...).on is not a function
1570120921243	Marionette	INFO	Stopped listening on port 3761
[Parent 16328, Gecko_IOThread] WARNING: pipe error: 109: file z:/task_1568728986/build/src/ipc/chromium/src/chrome/common/ipc_channel_win.cc, line 341
[Parent 16328, Gecko_IOThread] WARNING: pipe error: 109: file z:/task_1568728986/build/src/ipc/chromium/src/chrome/common/ipc_channel_win.cc, line 341
[Child 17900, Chrome_ChildThread] WARNING: pipe error: 109: file z:/task_1568728986/build/src/ipc/chromium/src/chrome/common/ipc_channel_win.cc, line 341
[Child 17900, Chrome_[Parent 16328, Gecko_IOThread] WARNING: pipe error: 109: file z:/task_1568728986/build/src/ipc/chromium/src/chrome/common/ipc_channel_win.cc, line 341

###!!! [Child][RunMessage] Error: Channel closing: too late to send/recv, messages will be lost

[GPU 14124, Chrome_ChildThread] WARNING: 
###!!! [Child][MessageChannel::SendAndWait] Error: Channel error: cannot send/recv

1570121313486	mozrunner::runner	INFO	Running command: "C:\\Program Files\\Mozilla Firefox\\firefox.exe" "-marionette" "-foreground" "-no-remote" "-profile" "C:\\Users\\Ezio\\AppData\\Local\\Temp\\rust_mozprofile8r0mEI"
1570121314249	addons.webextension.screenshots@mozilla.org	WARN	Loading extension 'screenshots@mozilla.org': Reading manifest: Invalid extension permission: mozillaAddons
1570121314249	addons.webextension.screenshots@mozilla.org	WARN	Loading extension 'screenshots@mozilla.org': Reading manifest: Invalid extension permission: telemetry
1570121314249	addons.webextension.screenshots@mozilla.org	WARN	Loading extension 'screenshots@mozilla.org': Reading manifest: Invalid extension permission: resource://pdf.js/
1570121314249	addons.webextension.screenshots@mozilla.org	WARN	Loading extension 'screenshots@mozilla.org': Reading manifest: Invalid extension permission: about:reader*
JavaScript error: resource://gre/modules/XULStore.jsm, line 66: Error: Can't find profile directory.
1570121318047	Marionette	INFO	Listening on port 4039
1570121318271	Marionette	WARN	TLS certificate errors will be ignored for this session
JavaScript error: http://localhost:8080/LMS/vendor/morris/morris.js, line 78: Error: Graph container element not found
JavaScript error: http://localhost:8080/LMS/vendor/bootstrap-select/bootstrap-select.js, line 868: TypeError: $(...).data(...).on is not a function
JavaScript error: http://localhost:8080/LMS/js/off-canvas.js, line 15: TypeError: $(...).on is not a function
JavaScript error: http://localhost:8080/LMS/vendor/bootstrap-datepicker/bootstrap-datepicker.js, line 1655: TypeError: $(...).on is not a function
JavaScript error: http://localhost:8080/LMS/js/main.js, line 82: TypeError: $(...).on is not a function
JavaScript error: http://localhost:8080/LMS/vendor/bootstrap-select/bootstrap-select.js, line 868: TypeError: $(...).data(...).on is not a function
JavaScript error: http://localhost:8080/LMS/js/off-canvas.js, line 15: TypeError: $(...).on is not a function
JavaScript error: http://localhost:8080/LMS/vendor/bootstrap-datepicker/bootstrap-datepicker.js, line 1655: TypeError: $(...).on is not a function
JavaScript error: http://localhost:8080/LMS/js/main.js, line 82: TypeError: $(...).on is not a function
JavaScript error: http://localhost:8080/LMS/vendor/bootstrap-select/bootstrap-select.js, line 868: TypeError: $(...).data(...).on is not a function
JavaScript error: http://localhost:8080/LMS/js/off-canvas.js, line 15: TypeError: $(...).on is not a function
JavaScript error: http://localhost:8080/LMS/vendor/bootstrap-datepicker/bootstrap-datepicker.js, line 1655: TypeError: $(...).on is not a function
JavaScript error: http://localhost:8080/LMS/js/main.js, line 82: TypeError: $(...).on is not a function
1570121366614	Marionette	INFO	Stopped listening on port 4039
[Child 17528, Chrome_ChildThread] WARNING: pipe error: 109: file z:/task_1568728986/build/src/ipc/chromium/src/chrome/common/ipc_channel_win.cc, line 341
[Child 1752[Child 19168, Chrome_ChildThread] WARNING: pipe error: 109: file z:/task_1568728986/build/src/ipc/chromium/src/chrome/common/ipc_channel_win.cc, line 341
[Child 19168,[Parent 16892, Gecko_IOThread] WARNING: pipe error: 109: file z:/task_1568728986/build/src/ipc/chromium/src/chrome/common/ipc_channel_win.cc, line 341
[Child 17068, Chrome_ChildThread] WARNING: pipe error: 109: file z:/task_1568728986/build/src/ipc/chromium/src/chrome/common/ipc_channel_win.cc, line 341
[Child 1706
###!!! [Child][RunMessage] Error: Channel closing: too late to send/recv, messages will be lost

[GPU 19028, 
###!!! [Child][MessageChannel::SendAndWait] Error: Channel error: cannot send/recv

1607538115847	mozrunner::runner	INFO	Running command: "C:\\Program Files\\Mozilla Firefox\\firefox.exe" "-marionette" "-foreground" "-no-remote" "-profile" "C:\\Users\\personal\\AppData\\Local\\Temp\\rust_mozprofileIKZTE4"
Can't find symbol 'eglSwapBuffersWithDamageEXT'.
Can't find symbol 'eglSetDamageRegionKHR'.
JavaScript error: resource://gre/modules/XULStore.jsm, line 66: Error: Can't find profile directory.
console.warn: SearchSettings: "get: No settings file exists, new profile?" (new Error("", "(unknown module)"))
1607538118321	Marionette	INFO	Listening on port 54672
1607538118499	Marionette	WARN	TLS certificate errors will be ignored for this session
JavaScript error: http://localhost:8080/LMS/vendor/morris/morris.js, line 78: Error: Graph container element not found
JavaScript error: http://localhost:8080/LMS/vendor/bootstrap-select/bootstrap-select.js, line 868: TypeError: $(...).data(...).on is not a function
JavaScript error: http://localhost:8080/LMS/js/off-canvas.js, line 15: TypeError: $(...).on is not a function
JavaScript error: http://localhost:8080/LMS/vendor/bootstrap-datepicker/bootstrap-datepicker.js, line 1655: TypeError: $(...).on is not a function
JavaScript error: http://localhost:8080/LMS/js/main.js, line 82: TypeError: $(...).on is not a function
JavaScript error: http://localhost:8080/LMS/vendor/bootstrap-select/bootstrap-select.js, line 868: TypeError: $(...).data(...).on is not a function
JavaScript error: http://localhost:8080/LMS/js/off-canvas.js, line 15: TypeError: $(...).on is not a function
JavaScript error: http://localhost:8080/LMS/vendor/bootstrap-datepicker/bootstrap-datepicker.js, line 1655: TypeError: $(...).on is not a function
JavaScript error: http://localhost:8080/LMS/js/main.js, line 82: TypeError: $(...).on is not a function
JavaScript error: http://localhost:8080/LMS/vendor/bootstrap-select/bootstrap-select.js, line 868: TypeError: $(...).data(...).on is not a function
JavaScript error: http://localhost:8080/LMS/js/off-canvas.js, line 15: TypeError: $(...).on is not a function
JavaScript error: http://localhost:8080/LMS/vendor/bootstrap-datepicker/bootstrap-datepicker.js, line 1655: TypeError: $(...).on is not a function
JavaScript error: http://localhost:8080/LMS/js/main.js, line 82: TypeError: $(...).on is not a function
1607538163044	Marionette	INFO	Stopped listening on port 54672

###!!! [Child][RunMessage] Error: Channel closing: too late to send/recv, messages will be lost


###!!! [Child][MessageChannel::SendAndWait] Error: Channel error: cannot send/recv

1607618144144	mozrunner::runner	INFO	Running command: "C:\\Program Files\\Mozilla Firefox\\firefox.exe" "-marionette" "-foreground" "-no-remote" "-profile" "C:\\Users\\personal\\AppData\\Local\\Temp\\rust_mozprofileDnM1O4"
Can't find symbol 'eglSwapBuffersWithDamageEXT'.
Can't find symbol 'eglSetDamageRegionKHR'.
JavaScript error: resource://gre/modules/XULStore.jsm, line 66: Error: Can't find profile directory.
console.warn: SearchSettings: "get: No settings file exists, new profile?" (new Error("", "(unknown module)"))
1607618146979	Marionette	INFO	Listening on port 64294
1607618147301	Marionette	WARN	TLS certificate errors will be ignored for this session
JavaScript error: http://localhost:8080/LMS/vendor/morris/morris.js, line 78: Error: Graph container element not found
JavaScript error: http://localhost:8080/LMS/vendor/bootstrap-select/bootstrap-select.js, line 868: TypeError: $(...).data(...).on is not a function
JavaScript error: http://localhost:8080/LMS/js/off-canvas.js, line 15: TypeError: $(...).on is not a function
JavaScript error: http://localhost:8080/LMS/vendor/bootstrap-datepicker/bootstrap-datepicker.js, line 1655: TypeError: $(...).on is not a function
JavaScript error: http://localhost:8080/LMS/js/main.js, line 82: TypeError: $(...).on is not a function
JavaScript error: http://localhost:8080/LMS/vendor/bootstrap-select/bootstrap-select.js, line 868: TypeError: $(...).data(...).on is not a function
JavaScript error: http://localhost:8080/LMS/js/off-canvas.js, line 15: TypeError: $(...).on is not a function
JavaScript error: http://localhost:8080/LMS/vendor/bootstrap-datepicker/bootstrap-datepicker.js, line 1655: TypeError: $(...).on is not a function
JavaScript error: http://localhost:8080/LMS/js/main.js, line 82: TypeError: $(...).on is not a function
JavaScript error: http://localhost:8080/LMS/vendor/bootstrap-select/bootstrap-select.js, line 868: TypeError: $(...).data(...).on is not a function
JavaScript error: http://localhost:8080/LMS/js/off-canvas.js, line 15: TypeError: $(...).on is not a function
JavaScript error: http://localhost:8080/LMS/vendor/bootstrap-datepicker/bootstrap-datepicker.js, line 1655: TypeError: $(...).on is not a function
JavaScript error: http://localhost:8080/LMS/js/main.js, line 82: TypeError: $(...).on is not a function
1607618191975	Marionette	INFO	Stopped listening on port 64294

###!!! [Child][MessageChannel::SendAndWait] Error: Channel error: cannot send/recv

